2020-04-12 23:41:12,160 Experiment started at: 2020-04-12_234112 and its name: _layers1_dim200_embedding200_lr0.0001
2020-04-12 23:41:12,160 Experiment arguments: Namespace(batch_size=100, dataset='data/create_corpus_scripts/sk_wiki_corpus/w2c_configuration.txt', embedding=200, epochs=1, exp_name='', input_char_vocab='', keep_prob=0.8, learning_rate=0.0001, log_every=1000, logdir='logs', max_chars=200, num_layers=1, num_sentences=-1, num_test=1000, num_top_chars=-1, restore=None, rnn_cell='gru', rnn_cell_dim=200, save_every=2000, savedir='save', target_char_vocab='', test_perc=0.0, threads=8, train_perc=1.0, use_residual=False, validation_perc=0.0)
2020-04-12 23:43:31,473 0/5641, epoch: 0, time/batch = 1.279
  dev
    char_accuracy:0.001653:0.37068963050842285
    word_accuracy:0.000000:11.971429109573364
      dev:27.903086185455322:15.560790538787842
  test
    char_accuracy:0.001499:0.6998975276947021
    word_accuracy:0.000002:22.216437816619873
      test:52.498958587646484:29.58246350288391
 Evaluation took : 80.4024498462677
2020-04-12 23:43:31,519 save/_layers1_dim200_embedding200_lr0.0001/2020-04-12_234112/model.ckpt-0 is not in all_model_checkpoint_paths. Manually adding it.
2020-04-12 23:50:34,158 1000/5641, epoch: 0, time/batch = 0.332
  dev
    char_accuracy:0.916827:0.4678151607513428
    word_accuracy:0.607643:11.915452003479004
      dev:27.355237007141113:14.971855163574219
  test
    char_accuracy:0.913572:0.8936491012573242
    word_accuracy:0.604658:22.19974374771118
      test:51.869545698165894:28.776028394699097
 Evaluation took : 79.22512340545654
2020-04-12 23:57:43,619 2000/5641, epoch: 0, time/batch = 0.355
  dev
    char_accuracy:0.936766:0.4680209159851074
    word_accuracy:0.687446:11.757699489593506
      dev:28.55889368057251:16.333059787750244
  test
    char_accuracy:0.932866:0.9161558151245117
    word_accuracy:0.678565:22.159171104431152
      test:51.24949073791504:28.174047708511353
 Evaluation took : 79.80872535705566
2020-04-12 23:57:43,648 save/_layers1_dim200_embedding200_lr0.0001/2020-04-12_234112/model.ckpt-2000 is not in all_model_checkpoint_paths. Manually adding it.
2020-04-13 00:04:59,275 3000/5641, epoch: 0, time/batch = 0.355
  dev
    char_accuracy:0.950149:0.486269474029541
    word_accuracy:0.751656:11.749268770217896
      dev:28.417568683624268:16.18191409111023
  test
    char_accuracy:0.947626:0.9010074138641357
    word_accuracy:0.746611:22.23876190185547
      test:51.67860555648804:28.538686990737915
 Evaluation took : 80.09655785560608
2020-04-13 00:12:16,971 4000/5641, epoch: 0, time/batch = 0.351
  dev
    char_accuracy:0.963038:0.4720771312713623
    word_accuracy:0.814085:11.81105375289917
      dev:27.943855047225952:15.660612106323242
  test
    char_accuracy:0.960423:0.8969006538391113
    word_accuracy:0.806445:22.227203607559204
      test:52.22819519042969:29.103965520858765
 Evaluation took : 80.17239737510681
2020-04-13 00:12:16,996 save/_layers1_dim200_embedding200_lr0.0001/2020-04-12_234112/model.ckpt-4000 is not in all_model_checkpoint_paths. Manually adding it.
2020-04-13 00:19:33,394 5000/5641, epoch: 0, time/batch = 0.356
  dev
    char_accuracy:0.972120:0.5665464401245117
    word_accuracy:0.859418:12.041572570800781
      dev:28.916085481643677:16.307843685150146
  test
    char_accuracy:0.970275:0.8999404907226562
    word_accuracy:0.853651:22.22837519645691
      test:52.6204149723053:29.491975784301758
 Evaluation took : 81.53686285018921
2020-04-13 00:23:18,358 findfont: Matching :family=sans-serif:style=normal:variant=normal:weight=normal:stretch=normal:size=10.0 to DejaVu Sans ('/usr/local/anaconda3/lib/python3.6/site-packages/matplotlib/mpl-data/fonts/ttf/DejaVuSans.ttf') with score of 0.050000
2020-04-13 00:23:18,381 findfont: Matching :family=sans-serif:style=normal:variant=normal:weight=normal:stretch=normal:size=12.0 to DejaVu Sans ('/usr/local/anaconda3/lib/python3.6/site-packages/matplotlib/mpl-data/fonts/ttf/DejaVuSans.ttf') with score of 0.050000
