2020-04-13 14:08:31,054 Experiment started at: 2020-04-13_140831 and its name: _layers1_dim200_embedding200_lr0.0001
2020-04-13 14:08:31,054 Experiment arguments: Namespace(batch_size=100, dataset='data/create_corpus_scripts/sk_wiki_corpus/w2c_configuration.txt', embedding=200, epochs=1, exp_name='', input_char_vocab='', keep_prob=0.8, learning_rate=0.0001, log_every=1000, logdir='logs', max_chars=200, num_layers=1, num_sentences=-1, num_test=1000, num_top_chars=-1, restore=None, rnn_cell='gru', rnn_cell_dim=200, save_every=2000, savedir='save', target_char_vocab='', test_perc=0.0, threads=8, train_perc=1.0, use_residual=False, validation_perc=0.0)
2020-04-13 14:10:56,150 0/5641, epoch: 0, time/batch = 1.385
  dev
    char_accuracy:0.001653:0.40460872650146484
    word_accuracy:0.000000:11.914367914199829
      dev:27.49435067176819:15.175147771835327
  test
    char_accuracy:0.001499:0.7628741264343262
    word_accuracy:0.000002:22.42642378807068
      test:52.97615957260132:29.786712408065796
 Evaluation took : 80.4709222316742
2020-04-13 14:10:56,193 save/_layers1_dim200_embedding200_lr0.0001/2020-04-13_140831/model.ckpt-0 is not in all_model_checkpoint_paths. Manually adding it.
2020-04-13 14:17:56,377 1000/5641, epoch: 0, time/batch = 0.359
  dev
    char_accuracy:0.916827:0.48645663261413574
    word_accuracy:0.607643:11.947620153427124
      dev:28.14684820175171:15.712650060653687
  test
    char_accuracy:0.913572:0.9161810874938965
    word_accuracy:0.604658:22.546085834503174
      test:52.11852049827576:28.6561279296875
 Evaluation took : 80.26575350761414
2020-04-13 14:25:08,306 2000/5641, epoch: 0, time/batch = 0.362
  dev
    char_accuracy:0.936766:0.48643922805786133
    word_accuracy:0.687446:11.93147349357605
      dev:28.93600869178772:16.51796555519104
  test
    char_accuracy:0.932866:0.9199364185333252
    word_accuracy:0.678565:22.565460681915283
      test:53.45210862159729:29.966596841812134
 Evaluation took : 82.38850283622742
2020-04-13 14:25:08,335 save/_layers1_dim200_embedding200_lr0.0001/2020-04-13_140831/model.ckpt-2000 is not in all_model_checkpoint_paths. Manually adding it.
2020-04-13 14:32:27,724 3000/5641, epoch: 0, time/batch = 0.395
  dev
    char_accuracy:0.950149:0.4843931198120117
    word_accuracy:0.751656:12.561007499694824
      dev:28.922183513641357:15.876644611358643
  test
    char_accuracy:0.947626:0.9375622272491455
    word_accuracy:0.746611:25.815762996673584
      test:55.483041524887085:28.729596614837646
 Evaluation took : 84.40559577941895
2020-04-13 14:39:34,315 4000/5641, epoch: 0, time/batch = 0.352
  dev
    char_accuracy:0.963038:0.48514604568481445
    word_accuracy:0.814085:11.931599855422974
      dev:28.284446001052856:15.867560386657715
  test
    char_accuracy:0.960423:0.9181053638458252
    word_accuracy:0.806443:22.53174328804016
      test:52.04316592216492:28.5931978225708
 Evaluation took : 80.32797694206238
2020-04-13 14:39:34,343 save/_layers1_dim200_embedding200_lr0.0001/2020-04-13_140831/model.ckpt-4000 is not in all_model_checkpoint_paths. Manually adding it.
2020-04-13 14:46:38,093 5000/5641, epoch: 0, time/batch = 0.335
  dev
    char_accuracy:0.972120:0.4884300231933594
    word_accuracy:0.859418:11.962654829025269
      dev:28.073720693588257:15.62250804901123
  test
    char_accuracy:0.970275:0.9195876121520996
    word_accuracy:0.853651:22.606295347213745
      test:51.98971247673035:28.463690280914307
 Evaluation took : 80.0638518333435
2020-04-13 14:50:24,827 findfont: Matching :family=sans-serif:style=normal:variant=normal:weight=normal:stretch=normal:size=10.0 to DejaVu Sans ('/usr/local/anaconda3/lib/python3.6/site-packages/matplotlib/mpl-data/fonts/ttf/DejaVuSans.ttf') with score of 0.050000
2020-04-13 14:50:24,850 findfont: Matching :family=sans-serif:style=normal:variant=normal:weight=normal:stretch=normal:size=12.0 to DejaVu Sans ('/usr/local/anaconda3/lib/python3.6/site-packages/matplotlib/mpl-data/fonts/ttf/DejaVuSans.ttf') with score of 0.050000
